<?xml version="1.0" encoding="UTF-8"?>
<!-- Generated by org.testng.reporters.JUnitReportReporter -->
<testsuite hostname="DESKTOP-7R7QSH2" failures="0" tests="4" name="com.totorialsninja.qa.testcases.RegisterTest" time="42.752" errors="0" timestamp="2024-08-23T12:00:18 IST" skipped="0">
  <testcase classname="com.totorialsninja.qa.testcases.RegisterTest" name="verifyRegisteringAnAccountWithMandetoryField" time="10.212"/>
  <system-out/>
  <testcase classname="com.totorialsninja.qa.testcases.RegisterTest" name="verifyRegisteringAnAccountByProvidingAllField" time="12.225"/>
  <system-out/>
  <testcase classname="com.totorialsninja.qa.testcases.RegisterTest" name="verifyRegisteringAnAccountWithExixstingEmailAddress" time="10.206"/>
  <system-out/>
  <testcase classname="com.totorialsninja.qa.testcases.RegisterTest" name="registeringAccountWithoutFillingAnyDetails" time="10.109"/>
  <system-out/>
</testsuite> <!-- com.totorialsninja.qa.testcases.RegisterTest -->
