<?xml version="1.0" encoding="UTF-8"?>
<!-- Generated by org.testng.reporters.JUnitReportReporter -->
<testsuite hostname="DESKTOP-7R7QSH2" failures="0" tests="3" name="com.totorialsninja.qa.testcases.SearchTest" time="25.376" errors="0" timestamp="2024-08-23T12:00:18 IST" skipped="0">
  <testcase classname="com.totorialsninja.qa.testcases.SearchTest" name="verifySearchWithValidProduct" time="8.923"/>
  <system-out/>
  <testcase classname="com.totorialsninja.qa.testcases.SearchTest" name="verifySearchWithInValidProduct" time="8.228"/>
  <system-out/>
  <testcase classname="com.totorialsninja.qa.testcases.SearchTest" name="verifySearchWithourAnyProduct" time="8.225"/>
  <system-out/>
</testsuite> <!-- com.totorialsninja.qa.testcases.SearchTest -->
